Build started 2014-09-08 12:31:56.
     1>Project "C:\Users\Drewno\Documents\GitHub\Client\Client\Client.vcxproj" on node 2 (Build target(s)).
     1>ClCompile:
         C:\Microsoft Visual Studio 12.0\VC\bin\CL.exe /c /ZI /nologo /W3 /WX- /sdl /Od /Oy- /D _MBCS /Gm /EHsc /RTC1 /MDd /GS /fp:precise /Zc:wchar_t /Zc:forScope /Fo"Debug\\" /Fd"Debug\vc120.pdb" /Gd /TP /analyze- /errorReport:prompt Client.cpp
         Client.cpp
     1>c:\users\drewno\documents\github\client\client\client.cpp(92): warning C4258: 'i' : definition from the for loop is ignored; the definition from the enclosing scope is used
                 c:\users\drewno\documents\github\client\client\client.cpp(87) : definition of 'i' ignored
                 c:\users\drewno\documents\github\client\client\client.cpp(7) : definition of 'i' used
     1>c:\users\drewno\documents\github\client\client\client.cpp(95): warning C4258: 'i' : definition from the for loop is ignored; the definition from the enclosing scope is used
                 c:\users\drewno\documents\github\client\client\client.cpp(87) : definition of 'i' ignored
                 c:\users\drewno\documents\github\client\client\client.cpp(7) : definition of 'i' used
     1>c:\users\drewno\documents\github\client\client\client.cpp(96): warning C4258: 'i' : definition from the for loop is ignored; the definition from the enclosing scope is used
                 c:\users\drewno\documents\github\client\client\client.cpp(87) : definition of 'i' ignored
                 c:\users\drewno\documents\github\client\client\client.cpp(7) : definition of 'i' used
       Link:
         C:\Microsoft Visual Studio 12.0\VC\bin\link.exe /ERRORREPORT:PROMPT /OUT:"C:\Users\Drewno\Documents\GitHub\Client\Debug\Client.exe" /INCREMENTAL /NOLOGO ws2_32.lib kernel32.lib user32.lib gdi32.lib winspool.lib comdlg32.lib advapi32.lib shell32.lib ole32.lib oleaut32.lib uuid.lib odbc32.lib odbccp32.lib /MANIFEST /MANIFESTUAC:"level='asInvoker' uiAccess='false'" /manifest:embed /DEBUG /PDB:"C:\Users\Drewno\Documents\GitHub\Client\Debug\Client.pdb" /TLBID:1 /DYNAMICBASE /NXCOMPAT /IMPLIB:"C:\Users\Drewno\Documents\GitHub\Client\Debug\Client.lib" /MACHINE:X86 Debug\Client.obj
         Client.vcxproj -> C:\Users\Drewno\Documents\GitHub\Client\Debug\Client.exe
     1>Done Building Project "C:\Users\Drewno\Documents\GitHub\Client\Client\Client.vcxproj" (Build target(s)).

Build succeeded.

Time Elapsed 00:00:01.84
